Determining if the pthread_create exist failed with the following output:
Change Dir: /home/ec2-user/hello-cpp-world/build/CMakeFiles/CMakeTmp

Run Build Command:"/bin/gmake" "cmTC_c0863/fast"
/bin/gmake -f CMakeFiles/cmTC_c0863.dir/build.make CMakeFiles/cmTC_c0863.dir/build
gmake[1]: Entering directory `/home/ec2-user/hello-cpp-world/build/CMakeFiles/CMakeTmp'
Building CXX object CMakeFiles/cmTC_c0863.dir/CheckSymbolExists.cxx.o
/bin/c++     -o CMakeFiles/cmTC_c0863.dir/CheckSymbolExists.cxx.o -c /home/ec2-user/hello-cpp-world/build/CMakeFiles/CMakeTmp/CheckSymbolExists.cxx
Linking CXX executable cmTC_c0863
/usr/bin/cmake3 -E cmake_link_script CMakeFiles/cmTC_c0863.dir/link.txt --verbose=1
/bin/c++       CMakeFiles/cmTC_c0863.dir/CheckSymbolExists.cxx.o  -o cmTC_c0863 
CMakeFiles/cmTC_c0863.dir/CheckSymbolExists.cxx.o: In function `main':
CheckSymbolExists.cxx:(.text+0x16): undefined reference to `pthread_create'
collect2: error: ld returned 1 exit status
gmake[1]: *** [cmTC_c0863] Error 1
gmake[1]: Leaving directory `/home/ec2-user/hello-cpp-world/build/CMakeFiles/CMakeTmp'
gmake: *** [cmTC_c0863/fast] Error 2

File /home/ec2-user/hello-cpp-world/build/CMakeFiles/CMakeTmp/CheckSymbolExists.cxx:
/* */
#include <pthread.h>

int main(int argc, char** argv)
{
  (void)argv;
#ifndef pthread_create
  return ((int*)(&pthread_create))[argc];
#else
  (void)argc;
  return 0;
#endif
}

